<?xml version="1.0" encoding="UTF-8"?>
<!-- Generated by org.testng.reporters.JUnitReportReporter -->
<testsuite skipped="0" hostname="HPERLAPPACHECONI" name="pe.com.hitss.testcases.T_automationExam" tests="2" failures="0" timestamp="28 oct 2019 00:37:32 GMT" time="43.526" errors="0">
  <testcase name="Ingreso" time="0.078" classname="pe.com.hitss.testcases.T_automationExam"/>
  <testcase name="aniadirCotizacionNatural" time="43.448" classname="pe.com.hitss.testcases.T_automationExam"/>
</testsuite> <!-- pe.com.hitss.testcases.T_automationExam -->
